<?xml version="1.0" encoding="UTF-8"?>
<coverage generated="1613918226308" clover="3.2.0">
  <project timestamp="1613918226309" name="All files">
    <metrics statements="33" coveredstatements="27" conditionals="12" coveredconditionals="12" methods="9" coveredmethods="8" elements="54" coveredelements="47" complexity="0" loc="33" ncloc="33" packages="1" files="1" classes="1"/>
    <file name="linked-list.js" path="/home/adejesus/STUDY/data-structures-js/linked-list/linked-list.js">
      <metrics statements="33" coveredstatements="27" conditionals="12" coveredconditionals="12" methods="9" coveredmethods="8"/>
      <line num="3" count="15" type="stmt"/>
      <line num="4" count="15" type="stmt"/>
      <line num="8" count="38" type="stmt"/>
      <line num="9" count="38" type="stmt"/>
      <line num="10" count="38" type="stmt"/>
      <line num="14" count="4" type="cond" truecount="2" falsecount="0"/>
      <line num="15" count="3" type="stmt"/>
      <line num="16" count="3" type="cond" truecount="2" falsecount="0"/>
      <line num="17" count="1" type="stmt"/>
      <line num="18" count="1" type="stmt"/>
      <line num="22" count="13" type="stmt"/>
      <line num="23" count="35" type="stmt"/>
      <line num="28" count="12" type="cond" truecount="4" falsecount="0"/>
      <line num="30" count="6" type="stmt"/>
      <line num="32" count="6" type="stmt"/>
      <line num="33" count="4" type="stmt"/>
      <line num="36" count="6" type="stmt"/>
      <line num="40" count="2" type="stmt"/>
      <line num="41" count="2" type="stmt"/>
      <line num="47" count="4" type="cond" truecount="2" falsecount="0"/>
      <line num="49" count="3" type="stmt"/>
      <line num="50" count="3" type="cond" truecount="2" falsecount="0"/>
      <line num="52" count="1" type="stmt"/>
      <line num="53" count="1" type="stmt"/>
      <line num="57" count="0" type="stmt"/>
      <line num="58" count="0" type="stmt"/>
      <line num="65" count="0" type="stmt"/>
      <line num="66" count="0" type="stmt"/>
      <line num="67" count="0" type="stmt"/>
      <line num="70" count="0" type="stmt"/>
      <line num="76" count="39" type="stmt"/>
      <line num="77" count="39" type="stmt"/>
      <line num="81" count="1" type="stmt"/>
    </file>
  </project>
</coverage>
