{"/home/adejesus/STUDY/data-structures-js/linked-list/linked-list.js": {"path":"/home/adejesus/STUDY/data-structures-js/linked-list/linked-list.js","statementMap":{"0":{"start":{"line":3,"column":8},"end":{"line":3,"column":25}},"1":{"start":{"line":4,"column":8},"end":{"line":4,"column":24}},"2":{"start":{"line":8,"column":24},"end":{"line":8,"column":49}},"3":{"start":{"line":9,"column":8},"end":{"line":9,"column":28}},"4":{"start":{"line":10,"column":8},"end":{"line":10,"column":22}},"5":{"start":{"line":14,"column":8},"end":{"line":14,"column":50}},"6":{"start":{"line":14,"column":25},"end":{"line":14,"column":50}},"7":{"start":{"line":15,"column":25},"end":{"line":15,"column":51}},"8":{"start":{"line":16,"column":8},"end":{"line":16,"column":35}},"9":{"start":{"line":16,"column":23},"end":{"line":16,"column":35}},"10":{"start":{"line":17,"column":8},"end":{"line":17,"column":54}},"11":{"start":{"line":18,"column":8},"end":{"line":18,"column":22}},"12":{"start":{"line":22,"column":8},"end":{"line":24,"column":9}},"13":{"start":{"line":22,"column":25},"end":{"line":22,"column":42}},"14":{"start":{"line":23,"column":12},"end":{"line":23,"column":39}},"15":{"start":{"line":28,"column":8},"end":{"line":28,"column":59}},"16":{"start":{"line":28,"column":47},"end":{"line":28,"column":59}},"17":{"start":{"line":30,"column":19},"end":{"line":30,"column":28}},"18":{"start":{"line":32,"column":8},"end":{"line":34,"column":9}},"19":{"start":{"line":32,"column":21},"end":{"line":32,"column":22}},"20":{"start":{"line":33,"column":12},"end":{"line":33,"column":29}},"21":{"start":{"line":36,"column":8},"end":{"line":36,"column":20}},"22":{"start":{"line":40,"column":8},"end":{"line":40,"column":35}},"23":{"start":{"line":41,"column":8},"end":{"line":41,"column":22}},"24":{"start":{"line":47,"column":8},"end":{"line":47,"column":50}},"25":{"start":{"line":47,"column":25},"end":{"line":47,"column":50}},"26":{"start":{"line":49,"column":25},"end":{"line":49,"column":51}},"27":{"start":{"line":50,"column":8},"end":{"line":50,"column":35}},"28":{"start":{"line":50,"column":23},"end":{"line":50,"column":35}},"29":{"start":{"line":52,"column":8},"end":{"line":52,"column":43}},"30":{"start":{"line":53,"column":8},"end":{"line":53,"column":22}},"31":{"start":{"line":57,"column":21},"end":{"line":57,"column":23}},"32":{"start":{"line":58,"column":22},"end":{"line":58,"column":31}},"33":{"start":{"line":65,"column":8},"end":{"line":68,"column":9}},"34":{"start":{"line":66,"column":12},"end":{"line":66,"column":52}},"35":{"start":{"line":67,"column":12},"end":{"line":67,"column":35}},"36":{"start":{"line":70,"column":8},"end":{"line":70,"column":37}},"37":{"start":{"line":76,"column":8},"end":{"line":76,"column":25}},"38":{"start":{"line":77,"column":8},"end":{"line":77,"column":25}},"39":{"start":{"line":81,"column":0},"end":{"line":81,"column":28}}},"fnMap":{"0":{"name":"(anonymous_0)","decl":{"start":{"line":2,"column":4},"end":{"line":2,"column":5}},"loc":{"start":{"line":2,"column":18},"end":{"line":5,"column":5}},"line":2},"1":{"name":"(anonymous_1)","decl":{"start":{"line":7,"column":4},"end":{"line":7,"column":5}},"loc":{"start":{"line":7,"column":17},"end":{"line":11,"column":5}},"line":7},"2":{"name":"(anonymous_2)","decl":{"start":{"line":13,"column":4},"end":{"line":13,"column":5}},"loc":{"start":{"line":13,"column":31},"end":{"line":19,"column":5}},"line":13},"3":{"name":"(anonymous_3)","decl":{"start":{"line":21,"column":4},"end":{"line":21,"column":5}},"loc":{"start":{"line":21,"column":26},"end":{"line":25,"column":5}},"line":21},"4":{"name":"(anonymous_4)","decl":{"start":{"line":27,"column":4},"end":{"line":27,"column":5}},"loc":{"start":{"line":27,"column":22},"end":{"line":37,"column":5}},"line":27},"5":{"name":"(anonymous_5)","decl":{"start":{"line":39,"column":4},"end":{"line":39,"column":5}},"loc":{"start":{"line":39,"column":17},"end":{"line":42,"column":5}},"line":39},"6":{"name":"(anonymous_6)","decl":{"start":{"line":44,"column":4},"end":{"line":44,"column":5}},"loc":{"start":{"line":44,"column":25},"end":{"line":54,"column":5}},"line":44},"7":{"name":"(anonymous_7)","decl":{"start":{"line":56,"column":4},"end":{"line":56,"column":5}},"loc":{"start":{"line":56,"column":12},"end":{"line":71,"column":5}},"line":56},"8":{"name":"(anonymous_8)","decl":{"start":{"line":75,"column":4},"end":{"line":75,"column":5}},"loc":{"start":{"line":75,"column":28},"end":{"line":78,"column":5}},"line":75}},"branchMap":{"0":{"loc":{"start":{"line":14,"column":8},"end":{"line":14,"column":50}},"type":"if","locations":[{"start":{"line":14,"column":8},"end":{"line":14,"column":50}},{"start":{"line":14,"column":8},"end":{"line":14,"column":50}}],"line":14},"1":{"loc":{"start":{"line":16,"column":8},"end":{"line":16,"column":35}},"type":"if","locations":[{"start":{"line":16,"column":8},"end":{"line":16,"column":35}},{"start":{"line":16,"column":8},"end":{"line":16,"column":35}}],"line":16},"2":{"loc":{"start":{"line":28,"column":8},"end":{"line":28,"column":59}},"type":"if","locations":[{"start":{"line":28,"column":8},"end":{"line":28,"column":59}},{"start":{"line":28,"column":8},"end":{"line":28,"column":59}}],"line":28},"3":{"loc":{"start":{"line":28,"column":12},"end":{"line":28,"column":45}},"type":"binary-expr","locations":[{"start":{"line":28,"column":12},"end":{"line":28,"column":21}},{"start":{"line":28,"column":25},"end":{"line":28,"column":45}}],"line":28},"4":{"loc":{"start":{"line":47,"column":8},"end":{"line":47,"column":50}},"type":"if","locations":[{"start":{"line":47,"column":8},"end":{"line":47,"column":50}},{"start":{"line":47,"column":8},"end":{"line":47,"column":50}}],"line":47},"5":{"loc":{"start":{"line":50,"column":8},"end":{"line":50,"column":35}},"type":"if","locations":[{"start":{"line":50,"column":8},"end":{"line":50,"column":35}},{"start":{"line":50,"column":8},"end":{"line":50,"column":35}}],"line":50}},"s":{"0":15,"1":15,"2":38,"3":38,"4":38,"5":4,"6":1,"7":3,"8":3,"9":2,"10":1,"11":1,"12":13,"13":13,"14":35,"15":12,"16":6,"17":6,"18":6,"19":6,"20":4,"21":6,"22":2,"23":2,"24":4,"25":1,"26":3,"27":3,"28":2,"29":1,"30":1,"31":0,"32":0,"33":0,"34":0,"35":0,"36":0,"37":39,"38":39,"39":1},"f":{"0":15,"1":38,"2":4,"3":13,"4":12,"5":2,"6":4,"7":0,"8":39},"b":{"0":[1,3],"1":[2,1],"2":[6,6],"3":[12,9],"4":[1,3],"5":[2,1]},"_coverageSchema":"1a1c01bbd47fc00a2c39e90264f33305004495a9","hash":"ee57cb729302e57bb1f33dcfd354554314457fbe"}
}
