TN:
SF:linked-list/linked-list.js
FN:2,(anonymous_0)
FN:7,(anonymous_1)
FN:13,(anonymous_2)
FN:21,(anonymous_3)
FN:27,(anonymous_4)
FN:39,(anonymous_5)
FN:44,(anonymous_6)
FN:56,(anonymous_7)
FN:75,(anonymous_8)
FNF:9
FNH:8
FNDA:15,(anonymous_0)
FNDA:38,(anonymous_1)
FNDA:4,(anonymous_2)
FNDA:13,(anonymous_3)
FNDA:12,(anonymous_4)
FNDA:2,(anonymous_5)
FNDA:4,(anonymous_6)
FNDA:0,(anonymous_7)
FNDA:39,(anonymous_8)
DA:3,15
DA:4,15
DA:8,38
DA:9,38
DA:10,38
DA:14,4
DA:15,3
DA:16,3
DA:17,1
DA:18,1
DA:22,13
DA:23,35
DA:28,12
DA:30,6
DA:32,6
DA:33,4
DA:36,6
DA:40,2
DA:41,2
DA:47,4
DA:49,3
DA:50,3
DA:52,1
DA:53,1
DA:57,0
DA:58,0
DA:65,0
DA:66,0
DA:67,0
DA:70,0
DA:76,39
DA:77,39
DA:81,1
LF:33
LH:27
BRDA:14,0,0,1
BRDA:14,0,1,3
BRDA:16,1,0,2
BRDA:16,1,1,1
BRDA:28,2,0,6
BRDA:28,2,1,6
BRDA:28,3,0,12
BRDA:28,3,1,9
BRDA:47,4,0,1
BRDA:47,4,1,3
BRDA:50,5,0,2
BRDA:50,5,1,1
BRF:12
BRH:12
end_of_record
